2023-10-18 08:18:50,020 - INFO    - keyword:航母
2023-10-18 08:18:50,023 - INFO    - keyword:印度
2023-10-18 08:18:50,023 - INFO    - keyword:基辅
2023-10-18 08:18:50,023 - INFO    - keyword:海军
2023-10-18 08:18:50,024 - INFO    - keyword:海试
2023-10-18 08:18:50,024 - INFO    - keyword:载机
2023-10-18 08:18:50,025 - INFO    - keyword:火灾
2023-10-18 08:18:50,025 - INFO    - keyword:人员伤亡
2023-10-18 08:18:50,025 - INFO    - keyword:海军上将
2023-10-18 08:18:50,025 - INFO    - keyword:巡洋舰
2023-10-18 08:18:50,036 - INFO    - keyword:冰雹
2023-10-18 08:18:50,036 - INFO    - keyword:信阳
2023-10-18 08:18:50,037 - INFO    - keyword:橙色
2023-10-18 08:18:50,037 - INFO    - keyword:信阳市
2023-10-18 08:18:50,037 - INFO    - keyword:暴雨
2023-10-18 08:18:50,037 - INFO    - keyword:预警
2023-10-18 08:18:50,038 - INFO    - keyword:淮滨
2023-10-18 08:18:50,038 - INFO    - keyword:天气
2023-10-18 08:18:50,038 - INFO    - keyword:平桥区
2023-10-18 08:18:50,045 - INFO    - keyword:航班
2023-10-18 08:18:50,046 - INFO    - keyword:首都机场
2023-10-18 08:18:50,046 - INFO    - keyword:航空公司
2023-10-18 08:18:50,047 - INFO    - keyword:通报
2023-10-18 08:18:50,048 - INFO    - keyword:警方
2023-10-18 08:18:50,048 - INFO    - keyword:女子
2023-10-18 08:18:50,048 - INFO    - keyword:乘务
2023-10-18 08:18:50,049 - INFO    - keyword:舱位
2023-10-18 08:18:50,049 - INFO    - keyword:飞机
2023-10-18 08:18:50,080 - INFO    - keyword:命案
2023-10-18 08:18:50,081 - INFO    - keyword:豪车
2023-10-18 08:18:50,081 - INFO    - keyword:民警
2023-10-18 08:18:50,082 - INFO    - keyword:新沂市
2023-10-18 08:18:50,082 - INFO    - keyword:费县
2023-10-18 08:18:50,083 - INFO    - keyword:警方
2023-10-18 08:18:50,083 - INFO    - keyword:身负
2023-10-18 08:18:50,083 - INFO    - keyword:警力
2023-10-18 08:18:50,083 - INFO    - keyword:研判
2023-10-18 08:18:50,084 - INFO    - keyword:嫌疑人
2023-10-18 08:18:50,093 - INFO    - keyword:矿山
2023-10-18 08:18:50,093 - INFO    - keyword:煤矿
2023-10-18 08:18:50,093 - INFO    - keyword:新元
2023-10-18 08:18:50,093 - INFO    - keyword:中国
2023-10-18 08:18:50,093 - INFO    - keyword:机器人
2023-10-18 08:18:50,094 - INFO    - keyword:连线
2023-10-18 08:18:50,094 - INFO    - keyword:智能
2023-10-18 08:18:50,094 - INFO    - keyword:技术
2023-10-18 08:18:50,094 - INFO    - keyword:数字
2023-10-18 08:18:50,094 - INFO    - keyword:帝国
2023-10-18 08:18:50,116 - INFO    - keyword:新冠
2023-10-18 08:18:50,116 - INFO    - keyword:霉菌病
2023-10-18 08:18:50,117 - INFO    - keyword:真菌
2023-10-18 08:18:50,117 - INFO    - keyword:印度
2023-10-18 08:18:50,117 - INFO    - keyword:肺炎
2023-10-18 08:18:50,119 - INFO    - keyword:患者
2023-10-18 08:18:50,119 - INFO    - keyword:霉菌
2023-10-18 08:18:50,119 - INFO    - keyword:病菌
2023-10-18 08:18:50,120 - INFO    - keyword:例数
2023-10-18 08:18:50,120 - INFO    - keyword:孟买
2023-10-18 08:18:50,145 - INFO    - keyword:飞机
2023-10-18 08:18:50,145 - INFO    - keyword:座位
2023-10-18 08:18:50,145 - INFO    - keyword:公务舱
2023-10-18 08:18:50,145 - INFO    - keyword:女子
2023-10-18 08:18:50,145 - INFO    - keyword:航班
2023-10-18 08:18:50,145 - INFO    - keyword:有空
2023-10-18 08:18:50,145 - INFO    - keyword:旅客
2023-10-18 08:18:50,145 - INFO    - keyword:员仇
2023-10-18 08:18:50,146 - INFO    - keyword:秩序
2023-10-18 08:18:50,146 - INFO    - keyword:计算机程序
2023-10-18 08:18:50,150 - INFO    - keyword:大巴
2023-10-18 08:18:50,151 - INFO    - keyword:喀布尔
2023-10-18 08:18:50,151 - INFO    - keyword:乘客
2023-10-18 08:18:50,151 - INFO    - keyword:炸弹
2023-10-18 08:18:50,151 - INFO    - keyword:发生爆炸
2023-10-18 08:18:50,152 - INFO    - keyword:事件
2023-10-18 08:18:50,152 - INFO    - keyword:学校
2023-10-18 08:18:50,152 - INFO    - keyword:伤者
2023-10-18 08:18:50,152 - INFO    - keyword:公交
2023-10-18 08:18:50,188 - INFO    - keyword:报告
2023-10-18 08:18:50,189 - INFO    - keyword:新冠
2023-10-18 08:18:50,189 - INFO    - keyword:环节
2023-10-18 08:18:50,189 - INFO    - keyword:防控
2023-10-18 08:18:50,189 - INFO    - keyword:疫情
2023-10-18 08:18:50,190 - INFO    - keyword:信息
2023-10-18 08:18:50,190 - INFO    - keyword:常态
2023-10-18 08:18:50,190 - INFO    - keyword:泄密者
2023-10-18 08:18:50,190 - INFO    - keyword:宁夏
2023-10-18 08:18:50,190 - INFO    - keyword:个人信息
2023-10-18 08:18:50,240 - INFO    - keyword:A股
2023-10-18 08:18:50,240 - INFO    - keyword:鸿文
2023-10-18 08:18:50,241 - INFO    - keyword:年报
2023-10-18 08:18:50,241 - INFO    - keyword:证代
2023-10-18 08:18:50,242 - INFO    - keyword:长城
2023-10-18 08:18:50,242 - INFO    - keyword:公司
2023-10-18 08:18:50,243 - INFO    - keyword:光速
2023-10-18 08:18:50,243 - INFO    - keyword:文化
2023-10-18 08:18:50,243 - INFO    - keyword:董秘
2023-10-18 08:18:50,244 - INFO    - keyword:风险
2023-10-18 08:18:50,254 - INFO    - keyword:耶路撒冷
2023-10-18 08:18:50,254 - INFO    - keyword:以色列
2023-10-18 08:18:50,254 - INFO    - keyword:秘书长
2023-10-18 08:18:50,255 - INFO    - keyword:家园
2023-10-18 08:18:50,255 - INFO    - keyword:事态
2023-10-18 08:18:50,255 - INFO    - keyword:声明
2023-10-18 08:18:50,256 - INFO    - keyword:东耶路撒冷
2023-10-18 08:18:50,256 - INFO    - keyword:锡勒
2023-10-18 08:18:50,256 - INFO    - keyword:人道法
2023-10-18 08:18:50,256 - INFO    - keyword:人权法
2023-10-18 08:18:50,288 - INFO    - keyword:京报
2023-10-18 08:18:50,288 - INFO    - keyword:亲姐姐
2023-10-18 08:18:50,289 - INFO    - keyword:视频
2023-10-18 08:18:50,289 - INFO    - keyword:家人
2023-10-18 08:18:50,289 - INFO    - keyword:志愿者
2023-10-18 08:18:50,289 - INFO    - keyword:邯郸
2023-10-18 08:18:50,290 - INFO    - keyword:回家
2023-10-18 08:18:50,290 - INFO    - keyword:织金县
2023-10-18 08:18:50,290 - INFO    - keyword:记者
2023-10-18 08:18:50,290 - INFO    - keyword:女子
2023-10-18 08:18:50,316 - INFO    - keyword:新冠
2023-10-18 08:18:50,316 - INFO    - keyword:病例
2023-10-18 08:18:50,316 - INFO    - keyword:美国
2023-10-18 08:18:50,317 - INFO    - keyword:节目
2023-10-18 08:18:50,317 - INFO    - keyword:作客
2023-10-18 08:18:50,317 - INFO    - keyword:疫情
2023-10-18 08:18:50,317 - INFO    - keyword:表态
2023-10-18 08:18:50,317 - INFO    - keyword:研究
2023-10-18 08:18:50,318 - INFO    - keyword:数字
2023-10-18 08:18:50,318 - INFO    - keyword:人数
2023-10-18 08:18:50,378 - INFO    - keyword:中顺
2023-10-18 08:18:50,378 - INFO    - keyword:员工
2023-10-18 08:18:50,379 - INFO    - keyword:公司
2023-10-18 08:18:50,379 - INFO    - keyword:实控
2023-10-18 08:18:50,379 - INFO    - keyword:倡议
2023-10-18 08:18:50,379 - INFO    - keyword:股价
2023-10-18 08:18:50,380 - INFO    - keyword:亏损
2023-10-18 08:18:50,380 - INFO    - keyword:熊市
2023-10-18 08:18:50,380 - INFO    - keyword:江湖
2023-10-18 08:18:50,380 - INFO    - keyword:公司股票
2023-10-18 08:18:50,384 - INFO    - keyword:用户
2023-10-18 08:18:50,384 - INFO    - keyword:性能
2023-10-18 08:18:50,384 - INFO    - keyword:系统
2023-10-18 08:18:50,385 - INFO    - keyword:苹果
2023-10-18 08:18:50,385 - INFO    - keyword:体验
2023-10-18 08:18:50,385 - INFO    - keyword:长假
2023-10-18 08:18:50,385 - INFO    - keyword:升级
2023-10-18 08:18:50,393 - INFO    - keyword:日本
2023-10-18 08:18:50,393 - INFO    - keyword:东京
2023-10-18 08:18:50,393 - INFO    - keyword:受访者
2023-10-18 08:18:50,394 - INFO    - keyword:耕治
2023-10-18 08:18:50,394 - INFO    - keyword:和田
2023-10-18 08:18:50,394 - INFO    - keyword:调查
2023-10-18 08:18:50,394 - INFO    - keyword:疫情
2023-10-18 08:18:50,395 - INFO    - keyword:对策
2023-10-18 08:18:50,395 - INFO    - keyword:观众
2023-10-18 08:18:50,395 - INFO    - keyword:医疗
2023-10-18 08:18:50,403 - INFO    - keyword:乐园
2023-10-18 08:18:50,403 - INFO    - keyword:度假区
2023-10-18 08:18:50,403 - INFO    - keyword:苏州
2023-10-18 08:18:50,403 - INFO    - keyword:森林
2023-10-18 08:18:50,404 - INFO    - keyword:高空
2023-10-18 08:18:50,404 - INFO    - keyword:游客
2023-10-18 08:18:50,404 - INFO    - keyword:过山车
2023-10-18 08:18:50,404 - INFO    - keyword:设备
2023-10-18 08:18:50,405 - INFO    - keyword:乘客
2023-10-18 08:18:50,405 - INFO    - keyword:网传
2023-10-18 08:18:50,422 - INFO    - keyword:好评率
2023-10-18 08:18:50,422 - INFO    - keyword:民调
2023-10-18 08:18:50,422 - INFO    - keyword:韩国
2023-10-18 08:18:50,422 - INFO    - keyword:结果显示
2023-10-18 08:18:50,423 - INFO    - keyword:总统
2023-10-18 08:18:50,423 - INFO    - keyword:评率
2023-10-18 08:18:50,423 - INFO    - keyword:青瓦台
2023-10-18 08:18:50,424 - INFO    - keyword:调查
2023-10-18 08:18:50,424 - INFO    - keyword:支持率
2023-10-18 08:18:50,449 - INFO    - keyword:幼儿
2023-10-18 08:18:50,452 - INFO    - keyword:一体
2023-10-18 08:18:50,454 - INFO    - keyword:上海
2023-10-18 08:18:50,457 - INFO    - keyword:育儿
2023-10-18 08:18:50,461 - INFO    - keyword:指导
2023-10-18 08:18:50,464 - INFO    - keyword:托育
2023-10-18 08:18:50,466 - INFO    - keyword:托额
2023-10-18 08:18:50,468 - INFO    - keyword:资源
2023-10-18 08:18:50,469 - INFO    - keyword:服务
2023-10-18 08:18:50,470 - INFO    - keyword:优质
2023-10-18 08:18:50,478 - INFO    - keyword:男性
2023-10-18 08:18:50,479 - INFO    - keyword:化妆品
2023-10-18 08:18:50,479 - INFO    - keyword:针对性
2023-10-18 08:18:50,480 - INFO    - keyword:营销
2023-10-18 08:18:50,480 - INFO    - keyword:面膜
2023-10-18 08:18:50,480 - INFO    - keyword:市场
2023-10-18 08:18:50,480 - INFO    - keyword:建议
2023-10-18 08:18:50,481 - INFO    - keyword:韩国
2023-10-18 08:18:50,481 - INFO    - keyword:群体
2023-10-18 08:18:50,481 - INFO    - keyword:产品
2023-10-18 08:18:50,489 - INFO    - keyword:杂技
2023-10-18 08:18:50,489 - INFO    - keyword:集体
2023-10-18 08:18:50,489 - INFO    - keyword:调查组
2023-10-18 08:18:50,489 - INFO    - keyword:事件
2023-10-18 08:18:50,490 - INFO    - keyword:职教
2023-10-18 08:18:50,490 - INFO    - keyword:记者
2023-10-18 08:18:50,490 - INFO    - keyword:河北
2023-10-18 08:18:50,490 - INFO    - keyword:校企
2023-10-18 08:18:50,491 - INFO    - keyword:学校
2023-10-18 08:18:50,495 - INFO    - keyword:燃油
2023-10-18 08:18:50,495 - INFO    - keyword:管道
2023-10-18 08:18:50,495 - INFO    - keyword:运营商
2023-10-18 08:18:50,496 - INFO    - keyword:软件
2023-10-18 08:18:50,496 - INFO    - keyword:犯罪团伙
2023-10-18 08:18:50,496 - INFO    - keyword:网络
2023-10-18 08:18:50,497 - INFO    - keyword:美国
2023-10-18 08:18:50,497 - INFO    - keyword:遭遇
2023-10-18 08:18:50,497 - INFO    - keyword:软件加密
2023-10-18 08:18:50,574 - INFO    - keyword:地块
2023-10-18 08:18:50,575 - INFO    - keyword:金盏
2023-10-18 08:18:50,575 - INFO    - keyword:四营
2023-10-18 08:18:50,576 - INFO    - keyword:现场
2023-10-18 08:18:50,577 - INFO    - keyword:竞报
2023-10-18 08:18:50,577 - INFO    - keyword:朝阳区
2023-10-18 08:18:50,577 - INFO    - keyword:竞价
2023-10-18 08:18:50,578 - INFO    - keyword:融创
2023-10-18 08:18:50,578 - INFO    - keyword:产权
2023-10-18 08:18:50,578 - INFO    - keyword:建工
2023-10-18 08:18:50,587 - INFO    - keyword:人道主义
2023-10-18 08:18:50,588 - INFO    - keyword:暴雨
2023-10-18 08:18:50,588 - INFO    - keyword:事务
2023-10-18 08:18:50,588 - INFO    - keyword:声明
2023-10-18 08:18:50,589 - INFO    - keyword:摩加迪沙
2023-10-18 08:18:50,589 - INFO    - keyword:内罗毕
2023-10-18 08:18:50,589 - INFO    - keyword:被淹
2023-10-18 08:18:50,590 - INFO    - keyword:农田
2023-10-18 08:18:50,593 - INFO    - keyword:地铁
2023-10-18 08:18:50,593 - INFO    - keyword:列车
2023-10-18 08:18:50,594 - INFO    - keyword:系统
2023-10-18 08:18:50,594 - INFO    - keyword:全自动
2023-10-18 08:18:50,595 - INFO    - keyword:记者
2023-10-18 08:18:50,595 - INFO    - keyword:青岛
2023-10-18 08:18:50,595 - INFO    - keyword:领先
2023-10-18 08:18:50,595 - INFO    - keyword:自动
2023-10-18 08:18:50,607 - INFO    - keyword:建川
2023-10-18 08:18:50,607 - INFO    - keyword:博物馆
2023-10-18 08:18:50,609 - INFO    - keyword:废墟
2023-10-18 08:18:50,609 - INFO    - keyword:奇迹
2023-10-18 08:18:50,610 - INFO    - keyword:符号
2023-10-18 08:18:50,610 - INFO    - keyword:兽医
2023-10-18 08:18:50,610 - INFO    - keyword:缅怀
2023-10-18 08:18:50,610 - INFO    - keyword:天赋
2023-10-18 08:18:50,611 - INFO    - keyword:深思
2023-10-18 08:18:50,620 - INFO    - keyword:警察局
2023-10-18 08:18:50,621 - INFO    - keyword:摩加迪沙
2023-10-18 08:18:50,621 - INFO    - keyword:炸弹
2023-10-18 08:18:50,621 - INFO    - keyword:发动
2023-10-18 08:18:50,622 - INFO    - keyword:平民
2023-10-18 08:18:50,622 - INFO    - keyword:武装
2023-10-18 08:18:50,623 - INFO    - keyword:分子
2023-10-18 08:18:50,624 - INFO    - keyword:袭击者
2023-10-18 08:18:50,663 - INFO    - keyword:副局长
2023-10-18 08:18:50,665 - INFO    - keyword:关系
2023-10-18 08:18:50,665 - INFO    - keyword:报报
2023-10-18 08:18:50,666 - INFO    - keyword:局求
2023-10-18 08:18:50,666 - INFO    - keyword:公众
2023-10-18 08:18:50,667 - INFO    - keyword:青松
2023-10-18 08:18:50,667 - INFO    - keyword:当地政府
2023-10-18 08:18:50,668 - INFO    - keyword:管理局
2023-10-18 08:18:50,668 - INFO    - keyword:应急
2023-10-18 08:18:50,668 - INFO    - keyword:事情
2023-10-18 08:18:50,670 - INFO    - keyword:啸虎
2023-10-18 08:18:50,671 - INFO    - keyword:秘籍
2023-10-18 08:18:50,671 - INFO    - keyword:独门
2023-10-18 08:18:50,672 - INFO    - keyword:品牌
2023-10-18 08:18:50,673 - INFO    - keyword:消费
2023-10-18 08:18:50,673 - INFO    - keyword:投资
2023-10-18 08:18:50,673 - INFO    - keyword:中国
2023-10-18 08:18:50,695 - INFO    - keyword:疫苗
2023-10-18 08:18:50,695 - INFO    - keyword:新冠
2023-10-18 08:18:50,696 - INFO    - keyword:优先
2023-10-18 08:18:50,696 - INFO    - keyword:德国
2023-10-18 08:18:50,697 - INFO    - keyword:卫生部长
2023-10-18 08:18:50,697 - INFO    - keyword:阿斯利康
2023-10-18 08:18:50,698 - INFO    - keyword:次序
2023-10-18 08:18:50,698 - INFO    - keyword:副作用
2023-10-18 08:18:50,698 - INFO    - keyword:疫情
2023-10-18 08:18:50,699 - INFO    - keyword:人群
2023-10-18 08:18:50,766 - INFO    - keyword:挖矿
2023-10-18 08:18:50,767 - INFO    - keyword:矿场
2023-10-18 08:18:50,768 - INFO    - keyword:货币
2023-10-18 08:18:50,770 - INFO    - keyword:新闻记者
2023-10-18 08:18:50,770 - INFO    - keyword:矿机
2023-10-18 08:18:50,770 - INFO    - keyword:水电
2023-10-18 08:18:50,771 - INFO    - keyword:代价
2023-10-18 08:18:50,771 - INFO    - keyword:信仰
2023-10-18 08:18:50,771 - INFO    - keyword:火电
2023-10-18 08:18:50,771 - INFO    - keyword:能耗
2023-10-18 08:18:50,773 - INFO    - keyword:商标
2023-10-18 08:18:50,774 - INFO    - keyword:腾讯
2023-10-18 08:18:50,774 - INFO    - keyword:注册号
2023-10-18 08:18:50,775 - INFO    - keyword:天眼
2023-10-18 08:18:50,775 - INFO    - keyword:娱乐
2023-10-18 08:18:50,776 - INFO    - keyword:分类
2023-10-18 08:18:50,776 - INFO    - keyword:科技
2023-10-18 08:18:50,777 - INFO    - keyword:深圳
2023-10-18 08:18:50,785 - INFO    - keyword:唢呐
2023-10-18 08:18:50,785 - INFO    - keyword:咨询
2023-10-18 08:18:50,786 - INFO    - keyword:人间
2023-10-18 08:18:50,787 - INFO    - keyword:比例
2023-10-18 08:18:50,788 - INFO    - keyword:天眼
2023-10-18 08:18:50,788 - INFO    - keyword:股东
2023-10-18 08:18:50,790 - INFO    - keyword:公司
2023-10-18 08:18:50,791 - INFO    - keyword:有限公司
2023-10-18 08:18:50,791 - INFO    - keyword:受益人
2023-10-18 08:18:50,807 - INFO    - keyword:抵押
2023-10-18 08:18:50,807 - INFO    - keyword:信托
2023-10-18 08:18:50,808 - INFO    - keyword:渤海
2023-10-18 08:18:50,808 - INFO    - keyword:公馆
2023-10-18 08:18:50,809 - INFO    - keyword:财产
2023-10-18 08:18:50,810 - INFO    - keyword:公告
2023-10-18 08:18:50,810 - INFO    - keyword:委托人
2023-10-18 08:18:50,811 - INFO    - keyword:北京
2023-10-18 08:18:50,813 - INFO    - keyword:电梯
2023-10-18 08:18:50,813 - INFO    - keyword:抵押权人
2023-10-18 08:18:50,820 - INFO    - keyword:辅导
2023-10-18 08:18:50,821 - INFO    - keyword:顶格
2023-10-18 08:18:50,822 - INFO    - keyword:规范
2023-10-18 08:18:50,826 - INFO    - keyword:优质产品
2023-10-18 08:18:50,831 - INFO    - keyword:业务流程
2023-10-18 08:18:50,833 - INFO    - keyword:高标准
2023-10-18 08:18:50,835 - INFO    - keyword:监管局
2023-10-18 08:18:50,837 - INFO    - keyword:自查
2023-10-18 08:18:50,844 - INFO    - keyword:作业
2023-10-18 08:18:50,847 - INFO    - keyword:顶格
2023-10-18 08:18:50,849 - INFO    - keyword:行政处罚
2023-10-18 08:18:50,851 - INFO    - keyword:业务流程
2023-10-18 08:18:50,852 - INFO    - keyword:决定书
2023-10-18 08:18:50,855 - INFO    - keyword:监管局
2023-10-18 08:18:50,857 - INFO    - keyword:辅导
2023-10-18 08:18:50,859 - INFO    - keyword:标识
2023-10-18 08:18:50,861 - INFO    - keyword:法律法规
2023-10-18 08:18:50,872 - INFO    - keyword:小米
2023-10-18 08:18:50,874 - INFO    - keyword:电部
2023-10-18 08:18:50,876 - INFO    - keyword:汽车
2023-10-18 08:18:50,878 - INFO    - keyword:业务
2023-10-18 08:18:50,880 - INFO    - keyword:高管
2023-10-18 08:18:50,882 - INFO    - keyword:总经理
2023-10-18 08:18:50,884 - INFO    - keyword:调岗
2023-10-18 08:18:50,886 - INFO    - keyword:业务部门
2023-10-18 08:18:50,905 - INFO    - keyword:员工
2023-10-18 08:18:50,908 - INFO    - keyword:女生
2023-10-18 08:18:50,910 - INFO    - keyword:薪酬
2023-10-18 08:18:50,912 - INFO    - keyword:现身
2023-10-18 08:18:50,914 - INFO    - keyword:基层
2023-10-18 08:18:50,916 - INFO    - keyword:集体婚礼
2023-10-18 08:18:50,918 - INFO    - keyword:周报
2023-10-18 08:18:50,920 - INFO    - keyword:亲访戚
2023-10-18 08:18:50,922 - INFO    - keyword:感性
2023-10-18 08:18:50,944 - INFO    - keyword:辅导
2023-10-18 08:18:50,946 - INFO    - keyword:罚款
2023-10-18 08:18:50,949 - INFO    - keyword:作业
2023-10-18 08:18:50,952 - INFO    - keyword:违法
2023-10-18 08:18:50,955 - INFO    - keyword:顶格
2023-10-18 08:18:50,958 - INFO    - keyword:经营者
2023-10-18 08:18:50,961 - INFO    - keyword:教育
2023-10-18 08:18:50,963 - INFO    - keyword:价格法
2023-10-18 08:18:50,965 - INFO    - keyword:培训
2023-10-18 08:18:50,970 - INFO    - keyword:北京市
2023-10-18 08:18:51,026 - INFO    - keyword:会面
2023-10-18 08:18:51,029 - INFO    - keyword:豪宅
2023-10-18 08:18:51,031 - INFO    - keyword:棕榈
2023-10-18 08:18:51,034 - INFO    - keyword:纽约
2023-10-18 08:18:51,036 - INFO    - keyword:夫妇
2023-10-18 08:18:51,039 - INFO    - keyword:私人
2023-10-18 08:18:51,041 - INFO    - keyword:佛罗里达州
2023-10-18 08:18:51,043 - INFO    - keyword:曼哈顿
2023-10-18 08:18:51,046 - INFO    - keyword:导火索
2023-10-18 08:18:51,048 - INFO    - keyword:朋友
2023-10-18 08:18:51,055 - INFO    - keyword:数字
2023-10-18 08:18:51,057 - INFO    - keyword:钱包
2023-10-18 08:18:51,058 - INFO    - keyword:网商
2023-10-18 08:18:51,060 - INFO    - keyword:人民币
2023-10-18 08:18:51,061 - INFO    - keyword:用户
2023-10-18 08:18:51,063 - INFO    - keyword:模块
2023-10-18 08:18:51,064 - INFO    - keyword:功能
2023-10-18 08:18:51,066 - INFO    - keyword:银行
2023-10-18 08:18:51,078 - INFO    - keyword:消化
2023-10-18 08:18:51,080 - INFO    - keyword:内科
2023-10-18 08:18:51,081 - INFO    - keyword:学家
2023-10-18 08:18:51,083 - INFO    - keyword:教授
2023-10-18 08:18:51,084 - INFO    - keyword:讣告
2023-10-18 08:18:51,086 - INFO    - keyword:医治无效
2023-10-18 08:18:51,088 - INFO    - keyword:特殊津贴
2023-10-18 08:18:51,089 - INFO    - keyword:遗愿
2023-10-18 08:18:51,090 - INFO    - keyword:教研室
2023-10-18 08:18:51,102 - INFO    - keyword:火场
2023-10-18 08:18:51,105 - INFO    - keyword:人员伤亡
2023-10-18 08:18:51,106 - INFO    - keyword:大理
2023-10-18 08:18:51,108 - INFO    - keyword:火情
2023-10-18 08:18:51,109 - INFO    - keyword:湾桥
2023-10-18 08:18:51,110 - INFO    - keyword:镇湾桥
2023-10-18 08:18:51,111 - INFO    - keyword:杂灌
2023-10-18 08:18:51,111 - INFO    - keyword:吊桶
2023-10-18 08:18:51,162 - INFO    - keyword:日本
2023-10-18 08:18:51,162 - INFO    - keyword:三浦
2023-10-18 08:18:51,163 - INFO    - keyword:男子
2023-10-18 08:18:51,163 - INFO    - keyword:东京
2023-10-18 08:18:51,163 - INFO    - keyword:龙司
2023-10-18 08:18:51,163 - INFO    - keyword:名将
2023-10-18 08:18:51,164 - INFO    - keyword:比赛
2023-10-18 08:18:51,164 - INFO    - keyword:运动员
2023-10-18 08:18:51,164 - INFO    - keyword:竞技场
2023-10-18 08:18:51,164 - INFO    - keyword:测试
2023-10-18 08:18:51,191 - INFO    - keyword:基地
2023-10-18 08:18:51,192 - INFO    - keyword:士兵
2023-10-18 08:18:51,192 - INFO    - keyword:警方
2023-10-18 08:18:51,192 - INFO    - keyword:特种部队
2023-10-18 08:18:51,193 - INFO    - keyword:指控
2023-10-18 08:18:51,193 - INFO    - keyword:北卡罗莱纳州
2023-10-18 08:18:51,193 - INFO    - keyword:女兵
2023-10-18 08:18:51,193 - INFO    - keyword:女孩
2023-10-18 08:18:51,194 - INFO    - keyword:性关系
2023-10-18 08:18:51,194 - INFO    - keyword:军事装备
2023-10-18 08:18:51,220 - INFO    - keyword:末级
2023-10-18 08:18:51,221 - INFO    - keyword:火箭
2023-10-18 08:18:51,221 - INFO    - keyword:残骸
2023-10-18 08:18:51,222 - INFO    - keyword:大气层
2023-10-18 08:18:51,222 - INFO    - keyword:外空
2023-10-18 08:18:51,222 - INFO    - keyword:美国
2023-10-18 08:18:51,223 - INFO    - keyword:地面
2023-10-18 08:18:51,223 - INFO    - keyword:双重标准
2023-10-18 08:18:51,224 - INFO    - keyword:航天局
2023-10-18 08:18:51,224 - INFO    - keyword:轨道
2023-10-18 08:18:51,236 - INFO    - keyword:意甲
2023-10-18 08:18:51,236 - INFO    - keyword:赛事
2023-10-18 08:18:51,237 - INFO    - keyword:联赛
2023-10-18 08:18:51,237 - INFO    - keyword:皇马
2023-10-18 08:18:51,237 - INFO    - keyword:欧洲
2023-10-18 08:18:51,237 - INFO    - keyword:巴萨
2023-10-18 08:18:51,238 - INFO    - keyword:意大利
2023-10-18 08:18:51,238 - INFO    - keyword:主席
2023-10-18 08:18:51,238 - INFO    - keyword:比赛
2023-10-18 08:18:51,239 - INFO    - keyword:规则
2023-10-18 08:18:51,256 - INFO    - keyword:民生
2023-10-18 08:18:51,256 - INFO    - keyword:信用卡
2023-10-18 08:18:51,256 - INFO    - keyword:文化
2023-10-18 08:18:51,257 - INFO    - keyword:积分榜
2023-10-18 08:18:51,257 - INFO    - keyword:围甲
2023-10-18 08:18:51,257 - INFO    - keyword:比赛
2023-10-18 08:18:51,257 - INFO    - keyword:品牌
2023-10-18 08:18:51,258 - INFO    - keyword:主将
2023-10-18 08:18:51,258 - INFO    - keyword:电影
2023-10-18 08:18:51,258 - INFO    - keyword:围棋队
2023-10-18 08:18:51,334 - INFO    - keyword:台军
2023-10-18 08:18:51,334 - INFO    - keyword:猪肉
2023-10-18 08:18:51,334 - INFO    - keyword:台湾
2023-10-18 08:18:51,334 - INFO    - keyword:网友
2023-10-18 08:18:51,335 - INFO    - keyword:防务
2023-10-18 08:18:51,335 - INFO    - keyword:部门
2023-10-18 08:18:51,335 - INFO    - keyword:猪排
2023-10-18 08:18:51,335 - INFO    - keyword:瘦肉精
2023-10-18 08:18:51,336 - INFO    - keyword:内包装
2023-10-18 08:18:51,336 - INFO    - keyword:副食
2023-10-18 08:18:51,344 - INFO    - keyword:比赛
2023-10-18 08:18:51,345 - INFO    - keyword:巴萨
2023-10-18 08:18:51,345 - INFO    - keyword:西甲
2023-10-18 08:18:51,345 - INFO    - keyword:万特
2023-10-18 08:18:51,345 - INFO    - keyword:比赛结果
2023-10-18 08:18:51,346 - INFO    - keyword:压力
2023-10-18 08:18:51,346 - INFO    - keyword:争冠
2023-10-18 08:18:51,346 - INFO    - keyword:命运
2023-10-18 08:18:51,346 - INFO    - keyword:帅位
2023-10-18 08:18:51,347 - INFO    - keyword:平局
2023-10-18 08:18:51,357 - INFO    - keyword:纳粹主义
2023-10-18 08:18:51,358 - INFO    - keyword:俄罗斯
2023-10-18 08:18:51,358 - INFO    - keyword:普京
2023-10-18 08:18:51,359 - INFO    - keyword:欧洲
2023-10-18 08:18:51,359 - INFO    - keyword:阅兵式
2023-10-18 08:18:51,360 - INFO    - keyword:卫国战争
2023-10-18 08:18:51,360 - INFO    - keyword:讲话
2023-10-18 08:18:51,360 - INFO    - keyword:分子
2023-10-18 08:18:51,361 - INFO    - keyword:胜利
2023-10-18 08:18:51,361 - INFO    - keyword:国家
2023-10-18 08:18:51,389 - INFO    - keyword:球员
2023-10-18 08:18:51,389 - INFO    - keyword:赛点
2023-10-18 08:18:51,389 - INFO    - keyword:首盘
2023-10-18 08:18:51,390 - INFO    - keyword:职业生涯
2023-10-18 08:18:51,390 - INFO    - keyword:巡回赛
2023-10-18 08:18:51,390 - INFO    - keyword:女单
2023-10-18 08:18:51,391 - INFO    - keyword:发球局
2023-10-18 08:18:51,391 - INFO    - keyword:全败
2023-10-18 08:18:51,391 - INFO    - keyword:阿尼
2023-10-18 08:18:51,391 - INFO    - keyword:单打
2023-10-18 08:18:51,409 - INFO    - keyword:鲜花
2023-10-18 08:18:51,409 - INFO    - keyword:情人节
2023-10-18 08:18:51,409 - INFO    - keyword:大陆
2023-10-18 08:18:51,409 - INFO    - keyword:花店
2023-10-18 08:18:51,410 - INFO    - keyword:原题
2023-10-18 08:18:51,410 - INFO    - keyword:订花
2023-10-18 08:18:51,410 - INFO    - keyword:母亲
2023-10-18 08:18:51,410 - INFO    - keyword:实体店
2023-10-18 08:18:51,411 - INFO    - keyword:销量
2023-10-18 08:18:51,411 - INFO    - keyword:妈妈
2023-10-18 08:18:51,432 - INFO    - keyword:美国
2023-10-18 08:18:51,432 - INFO    - keyword:燃油
2023-10-18 08:18:51,432 - INFO    - keyword:管道
2023-10-18 08:18:51,432 - INFO    - keyword:运营商
2023-10-18 08:18:51,433 - INFO    - keyword:俄罗斯
2023-10-18 08:18:51,433 - INFO    - keyword:管线
2023-10-18 08:18:51,433 - INFO    - keyword:消息人士
2023-10-18 08:18:51,433 - INFO    - keyword:亚特兰大
2023-10-18 08:18:51,434 - INFO    - keyword:运营
2023-10-18 08:18:51,434 - INFO    - keyword:路透社
2023-10-18 08:18:51,443 - INFO    - keyword:皇马
2023-10-18 08:18:51,443 - INFO    - keyword:裁判
2023-10-18 08:18:51,443 - INFO    - keyword:比赛
2023-10-18 08:18:51,443 - INFO    - keyword:手球
2023-10-18 08:18:51,443 - INFO    - keyword:塞维利亚
2023-10-18 08:18:51,444 - INFO    - keyword:西甲
2023-10-18 08:18:51,444 - INFO    - keyword:万特
2023-10-18 08:18:51,444 - INFO    - keyword:主教练
2023-10-18 08:18:51,445 - INFO    - keyword:米兰
2023-10-18 08:18:51,445 - INFO    - keyword:球员
2023-10-18 08:18:51,455 - INFO    - keyword:日本
2023-10-18 08:18:51,456 - INFO    - keyword:用户
2023-10-18 08:18:51,456 - INFO    - keyword:俄罗斯
2023-10-18 08:18:51,456 - INFO    - keyword:声明
2023-10-18 08:18:51,456 - INFO    - keyword:网民
2023-10-18 08:18:51,456 - INFO    - keyword:中国
2023-10-18 08:18:51,457 - INFO    - keyword:铁砧
2023-10-18 08:18:51,457 - INFO    - keyword:参考消息
2023-10-18 08:18:51,457 - INFO    - keyword:军事冲突
2023-10-18 08:18:51,515 - INFO    - keyword:甲级联赛
2023-10-18 08:18:51,515 - INFO    - keyword:对阵
2023-10-18 08:18:51,516 - INFO    - keyword:世雄
2023-10-18 08:18:51,516 - INFO    - keyword:快棋
2023-10-18 08:18:51,516 - INFO    - keyword:杭州
2023-10-18 08:18:51,516 - INFO    - keyword:手机
2023-10-18 08:18:51,517 - INFO    - keyword:棋院
2023-10-18 08:18:51,517 - INFO    - keyword:嘉阳
2023-10-18 08:18:51,517 - INFO    - keyword:翔宇
2023-10-18 08:18:51,517 - INFO    - keyword:浙江
2023-10-18 08:18:51,540 - INFO    - keyword:北京国安
2023-10-18 08:18:51,540 - INFO    - keyword:国安
2023-10-18 08:18:51,540 - INFO    - keyword:半场
2023-10-18 08:18:51,540 - INFO    - keyword:点球
2023-10-18 08:18:51,541 - INFO    - keyword:比亚
2023-10-18 08:18:51,541 - INFO    - keyword:犯规
2023-10-18 08:18:51,541 - INFO    - keyword:开场
2023-10-18 08:18:51,541 - INFO    - keyword:比赛
2023-10-18 08:18:51,541 - INFO    - keyword:造点
2023-10-18 08:18:51,542 - INFO    - keyword:攻门
2023-10-18 08:18:51,564 - INFO    - keyword:游客
2023-10-18 08:18:51,565 - INFO    - keyword:动物园
2023-10-18 08:18:51,565 - INFO    - keyword:游览区
2023-10-18 08:18:51,565 - INFO    - keyword:猛兽
2023-10-18 08:18:51,565 - INFO    - keyword:火车
2023-10-18 08:18:51,565 - INFO    - keyword:北京
2023-10-18 08:18:51,566 - INFO    - keyword:展区
2023-10-18 08:18:51,566 - INFO    - keyword:工作人员
2023-10-18 08:18:51,567 - INFO    - keyword:车窗
2023-10-18 08:18:51,567 - INFO    - keyword:园区
2023-10-18 08:18:51,577 - INFO    - keyword:伊朗
2023-10-18 08:18:51,577 - INFO    - keyword:协议
2023-10-18 08:18:51,577 - INFO    - keyword:谈判
2023-10-18 08:18:51,578 - INFO    - keyword:制裁
2023-10-18 08:18:51,578 - INFO    - keyword:外媒
2023-10-18 08:18:51,578 - INFO    - keyword:美国
2023-10-18 08:18:51,578 - INFO    - keyword:细节
2023-10-18 08:18:51,579 - INFO    - keyword:总统
2023-10-18 08:18:51,579 - INFO    - keyword:官员
2023-10-18 08:18:51,579 - INFO    - keyword:参考消息
2023-10-18 08:18:51,606 - INFO    - keyword:手表
2023-10-18 08:18:51,606 - INFO    - keyword:走私
2023-10-18 08:18:51,607 - INFO    - keyword:海关
2023-10-18 08:18:51,607 - INFO    - keyword:案值
2023-10-18 08:18:51,607 - INFO    - keyword:宾利
2023-10-18 08:18:51,607 - INFO    - keyword:哈尔滨
2023-10-18 08:18:51,607 - INFO    - keyword:缉私局
2023-10-18 08:18:51,608 - INFO    - keyword:香港
2023-10-18 08:18:51,608 - INFO    - keyword:哈尔滨市
2023-10-18 08:18:51,608 - INFO    - keyword:经营
2023-10-18 08:18:51,641 - INFO    - keyword:勇士
2023-10-18 08:18:51,641 - INFO    - keyword:爵士
2023-10-18 08:18:51,641 - INFO    - keyword:主场
2023-10-18 08:18:51,642 - INFO    - keyword:效率
2023-10-18 08:18:51,643 - INFO    - keyword:战绩
2023-10-18 08:18:51,643 - INFO    - keyword:赢面
2023-10-18 08:18:51,643 - INFO    - keyword:胜场
2023-10-18 08:18:51,643 - INFO    - keyword:优势
2023-10-18 08:18:51,644 - INFO    - keyword:球员
2023-10-18 08:18:51,644 - INFO    - keyword:领先
2023-10-18 08:18:51,684 - INFO    - keyword:作战区
2023-10-18 08:18:51,684 - INFO    - keyword:军团
2023-10-18 08:18:51,684 - INFO    - keyword:指挥部
2023-10-18 08:18:51,684 - INFO    - keyword:台军
2023-10-18 08:18:51,684 - INFO    - keyword:网友
2023-10-18 08:18:51,684 - INFO    - keyword:航母
2023-10-18 08:18:51,684 - INFO    - keyword:台湾
2023-10-18 08:18:51,684 - INFO    - keyword:部队
2023-10-18 08:18:51,685 - INFO    - keyword:分区
2023-10-18 08:18:51,685 - INFO    - keyword:战区
2023-10-18 08:18:51,694 - INFO    - keyword:气温
2023-10-18 08:18:51,695 - INFO    - keyword:降水
2023-10-18 08:18:51,695 - INFO    - keyword:京城
2023-10-18 08:18:51,697 - INFO    - keyword:冲击
2023-10-18 08:18:51,697 - INFO    - keyword:预计
2023-10-18 08:18:51,697 - INFO    - keyword:天气
2023-10-18 08:18:51,698 - INFO    - keyword:云量
2023-10-18 08:18:51,698 - INFO    - keyword:偏南风
2023-10-18 08:18:51,700 - INFO    - 关键词获取完毕，数据写入路径 Recommend/data/keywords
